#! /usr/bin/vvp
:ivl_version "12.0 (stable)";
:ivl_delay_selection "TYPICAL";
:vpi_time_precision + 0;
:vpi_module "/usr/lib/x86_64-linux-gnu/ivl/system.vpi";
:vpi_module "/usr/lib/x86_64-linux-gnu/ivl/vhdl_sys.vpi";
:vpi_module "/usr/lib/x86_64-linux-gnu/ivl/vhdl_textio.vpi";
:vpi_module "/usr/lib/x86_64-linux-gnu/ivl/v2005_math.vpi";
:vpi_module "/usr/lib/x86_64-linux-gnu/ivl/va_math.vpi";
:vpi_module "/usr/lib/x86_64-linux-gnu/ivl/v2009.vpi";
S_0x5d688f2f21f0 .scope package, "$unit" "$unit" 2 1;
 .timescale 0 0;
S_0x5d688f2f2380 .scope module, "Adder" "Adder" 3 55;
 .timescale 0 0;
    .port_info 0 /INPUT 12 "x";
    .port_info 1 /INPUT 12 "y";
    .port_info 2 /OUTPUT 12 "out";
L_0x5d688f313d40 .functor XOR 1, L_0x5d688f3372f0, L_0x5d688f337390, C4<0>, C4<0>;
v0x5d688f334650_0 .net *"_ivl_5", 0 0, L_0x5d688f3372f0;  1 drivers
v0x5d688f334730_0 .net *"_ivl_7", 0 0, L_0x5d688f337390;  1 drivers
v0x5d688f334810_0 .net/s "abs_diff", 10 0, v0x5d688f332970_0;  1 drivers
v0x5d688f334930_0 .net/s "max_xy", 10 0, v0x5d688f2d9440_0;  1 drivers
v0x5d688f3349f0_0 .var/s "out", 11 0;
v0x5d688f334b00_0 .net "out_sign", 0 0, v0x5d688f332710_0;  1 drivers
v0x5d688f334ba0_0 .net/s "t", 10 0, v0x5d688f3340c0_0;  1 drivers
o0x7f08d92f6078 .functor BUFZ 12, C4<zzzzzzzzzzzz>; HiZ drive
v0x5d688f334c70_0 .net/s "x", 11 0, o0x7f08d92f6078;  0 drivers
v0x5d688f334d40_0 .net/s "x_nosign", 10 0, L_0x5d688f3370e0;  1 drivers
o0x7f08d92f60a8 .functor BUFZ 12, C4<zzzzzzzzzzzz>; HiZ drive
v0x5d688f334e00_0 .net/s "y", 11 0, o0x7f08d92f60a8;  0 drivers
v0x5d688f334ef0_0 .net/s "y_nosign", 10 0, L_0x5d688f337200;  1 drivers
RS_0x7f08d92f6108 .resolv tri, v0x5d688f332aa0_0, L_0x5d688f313d40;
v0x5d688f334fb0_0 .net8/s "z_s", 0 0, RS_0x7f08d92f6108;  2 drivers
E_0x5d688f2e2700/0 .event anyedge, v0x5d688f334d40_0, v0x5d688f334ef0_0, v0x5d688f332aa0_0, v0x5d688f3327d0_0;
E_0x5d688f2e2700/1 .event anyedge, v0x5d688f3327d0_0, v0x5d688f332710_0, v0x5d688f3340c0_0, v0x5d688f2d9440_0;
E_0x5d688f2e2700 .event/or E_0x5d688f2e2700/0, E_0x5d688f2e2700/1;
L_0x5d688f3370e0 .part o0x7f08d92f6078, 0, 11;
L_0x5d688f337200 .part o0x7f08d92f60a8, 0, 11;
L_0x5d688f3372f0 .part o0x7f08d92f6078, 11, 1;
L_0x5d688f337390 .part o0x7f08d92f60a8, 11, 1;
S_0x5d688f2f93d0 .scope module, "pprop" "Preprocessor" 3 70, 3 1 0, S_0x5d688f2f2380;
 .timescale 0 0;
    .port_info 0 /INPUT 12 "x";
    .port_info 1 /INPUT 12 "y";
    .port_info 2 /OUTPUT 1 "z_s";
    .port_info 3 /OUTPUT 11 "z";
    .port_info 4 /OUTPUT 11 "max_xy";
    .port_info 5 /OUTPUT 1 "result_sign";
v0x5d688f2d9440_0 .var/s "max_xy", 10 0;
v0x5d688f332710_0 .var "result_sign", 0 0;
v0x5d688f3327d0_0 .net "x", 11 0, o0x7f08d92f6078;  alias, 0 drivers
v0x5d688f332890_0 .net "y", 11 0, o0x7f08d92f60a8;  alias, 0 drivers
v0x5d688f332970_0 .var "z", 10 0;
v0x5d688f332aa0_0 .var "z_s", 0 0;
E_0x5d688f2e2bb0/0 .event anyedge, v0x5d688f3327d0_0, v0x5d688f3327d0_0, v0x5d688f332890_0, v0x5d688f332890_0;
E_0x5d688f2e2bb0/1 .event anyedge, v0x5d688f3327d0_0, v0x5d688f332890_0, v0x5d688f3327d0_0, v0x5d688f332890_0;
E_0x5d688f2e2bb0 .event/or E_0x5d688f2e2bb0/0, E_0x5d688f2e2bb0/1;
S_0x5d688f332c20 .scope module, "sbdb" "SBDB" 3 71, 3 18 0, S_0x5d688f2f2380;
 .timescale 0 0;
    .port_info 0 /INPUT 11 "z";
    .port_info 1 /INPUT 1 "z_s";
    .port_info 2 /OUTPUT 11 "out";
v0x5d688f3340c0_0 .var/s "out", 10 0;
v0x5d688f3341a0_0 .net/s "qh", 10 0, v0x5d688f333e80_0;  1 drivers
v0x5d688f334260_0 .net/s "ql", 10 0, v0x5d688f3339c0_0;  1 drivers
v0x5d688f334300_0 .net/s "s_b_out", 10 0, v0x5d688f333310_0;  1 drivers
v0x5d688f3343a0_0 .net "z", 10 0, v0x5d688f332970_0;  alias, 1 drivers
v0x5d688f334490_0 .net8 "z_s", 0 0, RS_0x7f08d92f6108;  alias, 2 drivers
v0x5d688f334560_0 .var/s "zhat", 10 0;
E_0x5d688f2e3d70/0 .event anyedge, v0x5d688f332aa0_0, v0x5d688f332970_0, v0x5d688f333e80_0, v0x5d688f332970_0;
E_0x5d688f2e3d70/1 .event anyedge, v0x5d688f3339c0_0, v0x5d688f333310_0;
E_0x5d688f2e3d70 .event/or E_0x5d688f2e3d70/0, E_0x5d688f2e3d70/1;
E_0x5d688f2e4960/0 .event anyedge, v0x5d688f332aa0_0, v0x5d688f3339c0_0, v0x5d688f333e80_0, v0x5d688f332970_0;
E_0x5d688f2e4960/1 .event anyedge, v0x5d688f332970_0;
E_0x5d688f2e4960 .event/or E_0x5d688f2e4960/0, E_0x5d688f2e4960/1;
L_0x5d688f337530 .part v0x5d688f332970_0, 0, 5;
L_0x5d688f3375d0 .part v0x5d688f332970_0, 5, 6;
S_0x5d688f332f00 .scope module, "add_lookup" "S_B" 3 27, 4 1 0, S_0x5d688f332c20;
 .timescale 0 0;
    .port_info 0 /INPUT 11 "z";
    .port_info 1 /OUTPUT 11 "s_b";
v0x5d688f333210_0 .var/s "abcissa", 10 0;
v0x5d688f333310_0 .var/s "s_b", 10 0;
v0x5d688f3333f0_0 .var "weight1", 3 0;
v0x5d688f3334b0_0 .var "weight2", 3 0;
v0x5d688f333590_0 .net/s "z", 10 0, v0x5d688f334560_0;  1 drivers
E_0x5d688f333120 .event anyedge, v0x5d688f333590_0, v0x5d688f333210_0, v0x5d688f3334b0_0, v0x5d688f3333f0_0;
E_0x5d688f3331b0 .event anyedge, v0x5d688f333590_0;
S_0x5d688f333720 .scope module, "f_3" "F_3" 3 25, 5 1 0, S_0x5d688f332c20;
 .timescale 0 0;
    .port_info 0 /INPUT 5 "z";
    .port_info 1 /OUTPUT 11 "out";
v0x5d688f3339c0_0 .var/s "out", 10 0;
v0x5d688f333ac0_0 .net "z", 4 0, L_0x5d688f337530;  1 drivers
E_0x5d688f333940 .event anyedge, v0x5d688f333ac0_0;
S_0x5d688f333c00 .scope module, "f_4" "F_4" 3 26, 5 41 0, S_0x5d688f332c20;
 .timescale 0 0;
    .port_info 0 /INPUT 6 "z";
    .port_info 1 /OUTPUT 11 "out";
v0x5d688f333e80_0 .var/s "out", 10 0;
v0x5d688f333f80_0 .net "z", 5 0, L_0x5d688f3375d0;  1 drivers
E_0x5d688f333e20 .event anyedge, v0x5d688f333f80_0;
S_0x5d688f2f91f0 .scope module, "sbdbtb" "sbdbtb" 6 1;
 .timescale 0 0;
v0x5d688f336ca0_0 .var/real "epsilon", 0 0;
v0x5d688f336d60_0 .var/real "exact", 0 0;
v0x5d688f336e20_0 .net/s "out", 10 0, v0x5d688f336630_0;  1 drivers
v0x5d688f336f20_0 .var/s "z", 10 0;
v0x5d688f336ff0_0 .var "z_s", 0 0;
S_0x5d688f3350d0 .scope module, "sbdb" "SBDB" 6 10, 3 18 0, S_0x5d688f2f91f0;
 .timescale 0 0;
    .port_info 0 /INPUT 11 "z";
    .port_info 1 /INPUT 1 "z_s";
    .port_info 2 /OUTPUT 11 "out";
v0x5d688f336630_0 .var/s "out", 10 0;
v0x5d688f336710_0 .net/s "qh", 10 0, v0x5d688f3363f0_0;  1 drivers
v0x5d688f336800_0 .net/s "ql", 10 0, v0x5d688f335f30_0;  1 drivers
v0x5d688f336900_0 .net/s "s_b_out", 10 0, v0x5d688f335880_0;  1 drivers
v0x5d688f3369d0_0 .net "z", 10 0, v0x5d688f336f20_0;  1 drivers
v0x5d688f336ac0_0 .net "z_s", 0 0, v0x5d688f336ff0_0;  1 drivers
v0x5d688f336b80_0 .var/s "zhat", 10 0;
E_0x5d688f335320/0 .event anyedge, v0x5d688f336ac0_0, v0x5d688f3369d0_0, v0x5d688f3363f0_0, v0x5d688f3369d0_0;
E_0x5d688f335320/1 .event anyedge, v0x5d688f335f30_0, v0x5d688f335880_0;
E_0x5d688f335320 .event/or E_0x5d688f335320/0, E_0x5d688f335320/1;
E_0x5d688f3353c0/0 .event anyedge, v0x5d688f336ac0_0, v0x5d688f335f30_0, v0x5d688f3363f0_0, v0x5d688f3369d0_0;
E_0x5d688f3353c0/1 .event anyedge, v0x5d688f3369d0_0;
E_0x5d688f3353c0 .event/or E_0x5d688f3353c0/0, E_0x5d688f3353c0/1;
L_0x5d688f337700 .part v0x5d688f336f20_0, 0, 5;
L_0x5d688f3377d0 .part v0x5d688f336f20_0, 5, 6;
S_0x5d688f335430 .scope module, "add_lookup" "S_B" 3 27, 4 1 0, S_0x5d688f3350d0;
 .timescale 0 0;
    .port_info 0 /INPUT 11 "z";
    .port_info 1 /OUTPUT 11 "s_b";
v0x5d688f335780_0 .var/s "abcissa", 10 0;
v0x5d688f335880_0 .var/s "s_b", 10 0;
v0x5d688f335960_0 .var "weight1", 3 0;
v0x5d688f335a20_0 .var "weight2", 3 0;
v0x5d688f335b00_0 .net/s "z", 10 0, v0x5d688f336b80_0;  1 drivers
E_0x5d688f335690 .event anyedge, v0x5d688f335b00_0, v0x5d688f335780_0, v0x5d688f335a20_0, v0x5d688f335960_0;
E_0x5d688f335720 .event anyedge, v0x5d688f335b00_0;
S_0x5d688f335c90 .scope module, "f_3" "F_3" 3 25, 5 1 0, S_0x5d688f3350d0;
 .timescale 0 0;
    .port_info 0 /INPUT 5 "z";
    .port_info 1 /OUTPUT 11 "out";
v0x5d688f335f30_0 .var/s "out", 10 0;
v0x5d688f336030_0 .net "z", 4 0, L_0x5d688f337700;  1 drivers
E_0x5d688f335eb0 .event anyedge, v0x5d688f336030_0;
S_0x5d688f336170 .scope module, "f_4" "F_4" 3 26, 5 41 0, S_0x5d688f3350d0;
 .timescale 0 0;
    .port_info 0 /INPUT 6 "z";
    .port_info 1 /OUTPUT 11 "out";
v0x5d688f3363f0_0 .var/s "out", 10 0;
v0x5d688f3364f0_0 .net "z", 5 0, L_0x5d688f3377d0;  1 drivers
E_0x5d688f336390 .event anyedge, v0x5d688f3364f0_0;
    .scope S_0x5d688f2f93d0;
T_0 ;
Ewait_0 .event/or E_0x5d688f2e2bb0, E_0x0;
    %wait Ewait_0;
    %load/vec4 v0x5d688f332890_0;
    %parti/s 1, 10, 5;
    %inv;
    %load/vec4 v0x5d688f332890_0;
    %parti/s 10, 0, 2;
    %concat/vec4; draw_concat_vec4
    %load/vec4 v0x5d688f3327d0_0;
    %parti/s 1, 10, 5;
    %inv;
    %load/vec4 v0x5d688f3327d0_0;
    %parti/s 10, 0, 2;
    %concat/vec4; draw_concat_vec4
    %cmp/u;
    %jmp/0xz  T_0.0, 5;
    %load/vec4 v0x5d688f3327d0_0;
    %parti/s 11, 0, 2;
    %store/vec4 v0x5d688f2d9440_0, 0, 11;
    %load/vec4 v0x5d688f332890_0;
    %parti/s 11, 0, 2;
    %load/vec4 v0x5d688f3327d0_0;
    %parti/s 11, 0, 2;
    %sub;
    %store/vec4 v0x5d688f332970_0, 0, 11;
    %load/vec4 v0x5d688f3327d0_0;
    %parti/s 1, 11, 5;
    %store/vec4 v0x5d688f332710_0, 0, 1;
    %jmp T_0.1;
T_0.0 ;
    %load/vec4 v0x5d688f332890_0;
    %parti/s 11, 0, 2;
    %store/vec4 v0x5d688f2d9440_0, 0, 11;
    %load/vec4 v0x5d688f3327d0_0;
    %parti/s 11, 0, 2;
    %load/vec4 v0x5d688f332890_0;
    %parti/s 11, 0, 2;
    %sub;
    %store/vec4 v0x5d688f332970_0, 0, 11;
    %load/vec4 v0x5d688f332890_0;
    %parti/s 1, 11, 5;
    %store/vec4 v0x5d688f332710_0, 0, 1;
T_0.1 ;
    %load/vec4 v0x5d688f3327d0_0;
    %parti/s 1, 11, 5;
    %load/vec4 v0x5d688f332890_0;
    %parti/s 1, 11, 5;
    %xor;
    %store/vec4 v0x5d688f332aa0_0, 0, 1;
    %jmp T_0;
    .thread T_0, $push;
    .scope S_0x5d688f333720;
T_1 ;
Ewait_1 .event/or E_0x5d688f333940, E_0x0;
    %wait Ewait_1;
    %load/vec4 v0x5d688f333ac0_0;
    %dup/vec4;
    %pushi/vec4 0, 0, 5;
    %cmp/u;
    %jmp/1 T_1.0, 6;
    %dup/vec4;
    %pushi/vec4 1, 0, 5;
    %cmp/u;
    %jmp/1 T_1.1, 6;
    %dup/vec4;
    %pushi/vec4 2, 0, 5;
    %cmp/u;
    %jmp/1 T_1.2, 6;
    %dup/vec4;
    %pushi/vec4 3, 0, 5;
    %cmp/u;
    %jmp/1 T_1.3, 6;
    %dup/vec4;
    %pushi/vec4 4, 0, 5;
    %cmp/u;
    %jmp/1 T_1.4, 6;
    %dup/vec4;
    %pushi/vec4 5, 0, 5;
    %cmp/u;
    %jmp/1 T_1.5, 6;
    %dup/vec4;
    %pushi/vec4 6, 0, 5;
    %cmp/u;
    %jmp/1 T_1.6, 6;
    %dup/vec4;
    %pushi/vec4 7, 0, 5;
    %cmp/u;
    %jmp/1 T_1.7, 6;
    %dup/vec4;
    %pushi/vec4 8, 0, 5;
    %cmp/u;
    %jmp/1 T_1.8, 6;
    %dup/vec4;
    %pushi/vec4 9, 0, 5;
    %cmp/u;
    %jmp/1 T_1.9, 6;
    %dup/vec4;
    %pushi/vec4 10, 0, 5;
    %cmp/u;
    %jmp/1 T_1.10, 6;
    %dup/vec4;
    %pushi/vec4 11, 0, 5;
    %cmp/u;
    %jmp/1 T_1.11, 6;
    %dup/vec4;
    %pushi/vec4 12, 0, 5;
    %cmp/u;
    %jmp/1 T_1.12, 6;
    %dup/vec4;
    %pushi/vec4 13, 0, 5;
    %cmp/u;
    %jmp/1 T_1.13, 6;
    %dup/vec4;
    %pushi/vec4 14, 0, 5;
    %cmp/u;
    %jmp/1 T_1.14, 6;
    %dup/vec4;
    %pushi/vec4 15, 0, 5;
    %cmp/u;
    %jmp/1 T_1.15, 6;
    %dup/vec4;
    %pushi/vec4 16, 0, 5;
    %cmp/u;
    %jmp/1 T_1.16, 6;
    %dup/vec4;
    %pushi/vec4 17, 0, 5;
    %cmp/u;
    %jmp/1 T_1.17, 6;
    %dup/vec4;
    %pushi/vec4 18, 0, 5;
    %cmp/u;
    %jmp/1 T_1.18, 6;
    %dup/vec4;
    %pushi/vec4 19, 0, 5;
    %cmp/u;
    %jmp/1 T_1.19, 6;
    %dup/vec4;
    %pushi/vec4 20, 0, 5;
    %cmp/u;
    %jmp/1 T_1.20, 6;
    %dup/vec4;
    %pushi/vec4 21, 0, 5;
    %cmp/u;
    %jmp/1 T_1.21, 6;
    %dup/vec4;
    %pushi/vec4 22, 0, 5;
    %cmp/u;
    %jmp/1 T_1.22, 6;
    %dup/vec4;
    %pushi/vec4 23, 0, 5;
    %cmp/u;
    %jmp/1 T_1.23, 6;
    %dup/vec4;
    %pushi/vec4 24, 0, 5;
    %cmp/u;
    %jmp/1 T_1.24, 6;
    %dup/vec4;
    %pushi/vec4 25, 0, 5;
    %cmp/u;
    %jmp/1 T_1.25, 6;
    %dup/vec4;
    %pushi/vec4 26, 0, 5;
    %cmp/u;
    %jmp/1 T_1.26, 6;
    %dup/vec4;
    %pushi/vec4 27, 0, 5;
    %cmp/u;
    %jmp/1 T_1.27, 6;
    %dup/vec4;
    %pushi/vec4 28, 0, 5;
    %cmp/u;
    %jmp/1 T_1.28, 6;
    %dup/vec4;
    %pushi/vec4 29, 0, 5;
    %cmp/u;
    %jmp/1 T_1.29, 6;
    %dup/vec4;
    %pushi/vec4 30, 0, 5;
    %cmp/u;
    %jmp/1 T_1.30, 6;
    %dup/vec4;
    %pushi/vec4 31, 0, 5;
    %cmp/u;
    %jmp/1 T_1.31, 6;
    %jmp T_1.32;
T_1.0 ;
    %pushi/vec4 1024, 0, 11;
    %store/vec4 v0x5d688f3339c0_0, 0, 11;
    %jmp T_1.32;
T_1.1 ;
    %pushi/vec4 1084, 0, 11;
    %store/vec4 v0x5d688f3339c0_0, 0, 11;
    %jmp T_1.32;
T_1.2 ;
    %pushi/vec4 1211, 0, 11;
    %store/vec4 v0x5d688f3339c0_0, 0, 11;
    %jmp T_1.32;
T_1.3 ;
    %pushi/vec4 1286, 0, 11;
    %store/vec4 v0x5d688f3339c0_0, 0, 11;
    %jmp T_1.32;
T_1.4 ;
    %pushi/vec4 1338, 0, 11;
    %store/vec4 v0x5d688f3339c0_0, 0, 11;
    %jmp T_1.32;
T_1.5 ;
    %pushi/vec4 1379, 0, 11;
    %store/vec4 v0x5d688f3339c0_0, 0, 11;
    %jmp T_1.32;
T_1.6 ;
    %pushi/vec4 1412, 0, 11;
    %store/vec4 v0x5d688f3339c0_0, 0, 11;
    %jmp T_1.32;
T_1.7 ;
    %pushi/vec4 1440, 0, 11;
    %store/vec4 v0x5d688f3339c0_0, 0, 11;
    %jmp T_1.32;
T_1.8 ;
    %pushi/vec4 1464, 0, 11;
    %store/vec4 v0x5d688f3339c0_0, 0, 11;
    %jmp T_1.32;
T_1.9 ;
    %pushi/vec4 1486, 0, 11;
    %store/vec4 v0x5d688f3339c0_0, 0, 11;
    %jmp T_1.32;
T_1.10 ;
    %pushi/vec4 1505, 0, 11;
    %store/vec4 v0x5d688f3339c0_0, 0, 11;
    %jmp T_1.32;
T_1.11 ;
    %pushi/vec4 1522, 0, 11;
    %store/vec4 v0x5d688f3339c0_0, 0, 11;
    %jmp T_1.32;
T_1.12 ;
    %pushi/vec4 1537, 0, 11;
    %store/vec4 v0x5d688f3339c0_0, 0, 11;
    %jmp T_1.32;
T_1.13 ;
    %pushi/vec4 1552, 0, 11;
    %store/vec4 v0x5d688f3339c0_0, 0, 11;
    %jmp T_1.32;
T_1.14 ;
    %pushi/vec4 1565, 0, 11;
    %store/vec4 v0x5d688f3339c0_0, 0, 11;
    %jmp T_1.32;
T_1.15 ;
    %pushi/vec4 1577, 0, 11;
    %store/vec4 v0x5d688f3339c0_0, 0, 11;
    %jmp T_1.32;
T_1.16 ;
    %pushi/vec4 1588, 0, 11;
    %store/vec4 v0x5d688f3339c0_0, 0, 11;
    %jmp T_1.32;
T_1.17 ;
    %pushi/vec4 1599, 0, 11;
    %store/vec4 v0x5d688f3339c0_0, 0, 11;
    %jmp T_1.32;
T_1.18 ;
    %pushi/vec4 1609, 0, 11;
    %store/vec4 v0x5d688f3339c0_0, 0, 11;
    %jmp T_1.32;
T_1.19 ;
    %pushi/vec4 1619, 0, 11;
    %store/vec4 v0x5d688f3339c0_0, 0, 11;
    %jmp T_1.32;
T_1.20 ;
    %pushi/vec4 1628, 0, 11;
    %store/vec4 v0x5d688f3339c0_0, 0, 11;
    %jmp T_1.32;
T_1.21 ;
    %pushi/vec4 1636, 0, 11;
    %store/vec4 v0x5d688f3339c0_0, 0, 11;
    %jmp T_1.32;
T_1.22 ;
    %pushi/vec4 1644, 0, 11;
    %store/vec4 v0x5d688f3339c0_0, 0, 11;
    %jmp T_1.32;
T_1.23 ;
    %pushi/vec4 1652, 0, 11;
    %store/vec4 v0x5d688f3339c0_0, 0, 11;
    %jmp T_1.32;
T_1.24 ;
    %pushi/vec4 1659, 0, 11;
    %store/vec4 v0x5d688f3339c0_0, 0, 11;
    %jmp T_1.32;
T_1.25 ;
    %pushi/vec4 1666, 0, 11;
    %store/vec4 v0x5d688f3339c0_0, 0, 11;
    %jmp T_1.32;
T_1.26 ;
    %pushi/vec4 1673, 0, 11;
    %store/vec4 v0x5d688f3339c0_0, 0, 11;
    %jmp T_1.32;
T_1.27 ;
    %pushi/vec4 1680, 0, 11;
    %store/vec4 v0x5d688f3339c0_0, 0, 11;
    %jmp T_1.32;
T_1.28 ;
    %pushi/vec4 1686, 0, 11;
    %store/vec4 v0x5d688f3339c0_0, 0, 11;
    %jmp T_1.32;
T_1.29 ;
    %pushi/vec4 1692, 0, 11;
    %store/vec4 v0x5d688f3339c0_0, 0, 11;
    %jmp T_1.32;
T_1.30 ;
    %pushi/vec4 1698, 0, 11;
    %store/vec4 v0x5d688f3339c0_0, 0, 11;
    %jmp T_1.32;
T_1.31 ;
    %pushi/vec4 1703, 0, 11;
    %store/vec4 v0x5d688f3339c0_0, 0, 11;
    %jmp T_1.32;
T_1.32 ;
    %pop/vec4 1;
    %jmp T_1;
    .thread T_1, $push;
    .scope S_0x5d688f333c00;
T_2 ;
Ewait_2 .event/or E_0x5d688f333e20, E_0x0;
    %wait Ewait_2;
    %load/vec4 v0x5d688f333f80_0;
    %dup/vec4;
    %pushi/vec4 1, 0, 6;
    %cmp/u;
    %jmp/1 T_2.0, 6;
    %dup/vec4;
    %pushi/vec4 2, 0, 6;
    %cmp/u;
    %jmp/1 T_2.1, 6;
    %dup/vec4;
    %pushi/vec4 3, 0, 6;
    %cmp/u;
    %jmp/1 T_2.2, 6;
    %dup/vec4;
    %pushi/vec4 4, 0, 6;
    %cmp/u;
    %jmp/1 T_2.3, 6;
    %dup/vec4;
    %pushi/vec4 5, 0, 6;
    %cmp/u;
    %jmp/1 T_2.4, 6;
    %dup/vec4;
    %pushi/vec4 6, 0, 6;
    %cmp/u;
    %jmp/1 T_2.5, 6;
    %dup/vec4;
    %pushi/vec4 7, 0, 6;
    %cmp/u;
    %jmp/1 T_2.6, 6;
    %dup/vec4;
    %pushi/vec4 8, 0, 6;
    %cmp/u;
    %jmp/1 T_2.7, 6;
    %dup/vec4;
    %pushi/vec4 9, 0, 6;
    %cmp/u;
    %jmp/1 T_2.8, 6;
    %dup/vec4;
    %pushi/vec4 10, 0, 6;
    %cmp/u;
    %jmp/1 T_2.9, 6;
    %dup/vec4;
    %pushi/vec4 11, 0, 6;
    %cmp/u;
    %jmp/1 T_2.10, 6;
    %dup/vec4;
    %pushi/vec4 12, 0, 6;
    %cmp/u;
    %jmp/1 T_2.11, 6;
    %dup/vec4;
    %pushi/vec4 13, 0, 6;
    %cmp/u;
    %jmp/1 T_2.12, 6;
    %dup/vec4;
    %pushi/vec4 14, 0, 6;
    %cmp/u;
    %jmp/1 T_2.13, 6;
    %dup/vec4;
    %pushi/vec4 15, 0, 6;
    %cmp/u;
    %jmp/1 T_2.14, 6;
    %dup/vec4;
    %pushi/vec4 16, 0, 6;
    %cmp/u;
    %jmp/1 T_2.15, 6;
    %dup/vec4;
    %pushi/vec4 17, 0, 6;
    %cmp/u;
    %jmp/1 T_2.16, 6;
    %dup/vec4;
    %pushi/vec4 18, 0, 6;
    %cmp/u;
    %jmp/1 T_2.17, 6;
    %dup/vec4;
    %pushi/vec4 19, 0, 6;
    %cmp/u;
    %jmp/1 T_2.18, 6;
    %dup/vec4;
    %pushi/vec4 20, 0, 6;
    %cmp/u;
    %jmp/1 T_2.19, 6;
    %dup/vec4;
    %pushi/vec4 21, 0, 6;
    %cmp/u;
    %jmp/1 T_2.20, 6;
    %dup/vec4;
    %pushi/vec4 22, 0, 6;
    %cmp/u;
    %jmp/1 T_2.21, 6;
    %dup/vec4;
    %pushi/vec4 23, 0, 6;
    %cmp/u;
    %jmp/1 T_2.22, 6;
    %dup/vec4;
    %pushi/vec4 24, 0, 6;
    %cmp/u;
    %jmp/1 T_2.23, 6;
    %dup/vec4;
    %pushi/vec4 25, 0, 6;
    %cmp/u;
    %jmp/1 T_2.24, 6;
    %dup/vec4;
    %pushi/vec4 26, 0, 6;
    %cmp/u;
    %jmp/1 T_2.25, 6;
    %dup/vec4;
    %pushi/vec4 27, 0, 6;
    %cmp/u;
    %jmp/1 T_2.26, 6;
    %dup/vec4;
    %pushi/vec4 28, 0, 6;
    %cmp/u;
    %jmp/1 T_2.27, 6;
    %dup/vec4;
    %pushi/vec4 29, 0, 6;
    %cmp/u;
    %jmp/1 T_2.28, 6;
    %dup/vec4;
    %pushi/vec4 30, 0, 6;
    %cmp/u;
    %jmp/1 T_2.29, 6;
    %dup/vec4;
    %pushi/vec4 31, 0, 6;
    %cmp/u;
    %jmp/1 T_2.30, 6;
    %pushi/vec4 0, 0, 11;
    %store/vec4 v0x5d688f333e80_0, 0, 11;
    %jmp T_2.32;
T_2.0 ;
    %pushi/vec4 1709, 0, 11;
    %store/vec4 v0x5d688f333e80_0, 0, 11;
    %jmp T_2.32;
T_2.1 ;
    %pushi/vec4 1821, 0, 11;
    %store/vec4 v0x5d688f333e80_0, 0, 11;
    %jmp T_2.32;
T_2.2 ;
    %pushi/vec4 1881, 0, 11;
    %store/vec4 v0x5d688f333e80_0, 0, 11;
    %jmp T_2.32;
T_2.3 ;
    %pushi/vec4 1920, 0, 11;
    %store/vec4 v0x5d688f333e80_0, 0, 11;
    %jmp T_2.32;
T_2.4 ;
    %pushi/vec4 1947, 0, 11;
    %store/vec4 v0x5d688f333e80_0, 0, 11;
    %jmp T_2.32;
T_2.5 ;
    %pushi/vec4 1967, 0, 11;
    %store/vec4 v0x5d688f333e80_0, 0, 11;
    %jmp T_2.32;
T_2.6 ;
    %pushi/vec4 1983, 0, 11;
    %store/vec4 v0x5d688f333e80_0, 0, 11;
    %jmp T_2.32;
T_2.7 ;
    %pushi/vec4 1995, 0, 11;
    %store/vec4 v0x5d688f333e80_0, 0, 11;
    %jmp T_2.32;
T_2.8 ;
    %pushi/vec4 2004, 0, 11;
    %store/vec4 v0x5d688f333e80_0, 0, 11;
    %jmp T_2.32;
T_2.9 ;
    %pushi/vec4 2012, 0, 11;
    %store/vec4 v0x5d688f333e80_0, 0, 11;
    %jmp T_2.32;
T_2.10 ;
    %pushi/vec4 2018, 0, 11;
    %store/vec4 v0x5d688f333e80_0, 0, 11;
    %jmp T_2.32;
T_2.11 ;
    %pushi/vec4 2023, 0, 11;
    %store/vec4 v0x5d688f333e80_0, 0, 11;
    %jmp T_2.32;
T_2.12 ;
    %pushi/vec4 2027, 0, 11;
    %store/vec4 v0x5d688f333e80_0, 0, 11;
    %jmp T_2.32;
T_2.13 ;
    %pushi/vec4 2031, 0, 11;
    %store/vec4 v0x5d688f333e80_0, 0, 11;
    %jmp T_2.32;
T_2.14 ;
    %pushi/vec4 2034, 0, 11;
    %store/vec4 v0x5d688f333e80_0, 0, 11;
    %jmp T_2.32;
T_2.15 ;
    %pushi/vec4 2036, 0, 11;
    %store/vec4 v0x5d688f333e80_0, 0, 11;
    %jmp T_2.32;
T_2.16 ;
    %pushi/vec4 2038, 0, 11;
    %store/vec4 v0x5d688f333e80_0, 0, 11;
    %jmp T_2.32;
T_2.17 ;
    %pushi/vec4 2040, 0, 11;
    %store/vec4 v0x5d688f333e80_0, 0, 11;
    %jmp T_2.32;
T_2.18 ;
    %pushi/vec4 2041, 0, 11;
    %store/vec4 v0x5d688f333e80_0, 0, 11;
    %jmp T_2.32;
T_2.19 ;
    %pushi/vec4 2042, 0, 11;
    %store/vec4 v0x5d688f333e80_0, 0, 11;
    %jmp T_2.32;
T_2.20 ;
    %pushi/vec4 2043, 0, 11;
    %store/vec4 v0x5d688f333e80_0, 0, 11;
    %jmp T_2.32;
T_2.21 ;
    %pushi/vec4 2044, 0, 11;
    %store/vec4 v0x5d688f333e80_0, 0, 11;
    %jmp T_2.32;
T_2.22 ;
    %pushi/vec4 2045, 0, 11;
    %store/vec4 v0x5d688f333e80_0, 0, 11;
    %jmp T_2.32;
T_2.23 ;
    %pushi/vec4 2045, 0, 11;
    %store/vec4 v0x5d688f333e80_0, 0, 11;
    %jmp T_2.32;
T_2.24 ;
    %pushi/vec4 2046, 0, 11;
    %store/vec4 v0x5d688f333e80_0, 0, 11;
    %jmp T_2.32;
T_2.25 ;
    %pushi/vec4 2046, 0, 11;
    %store/vec4 v0x5d688f333e80_0, 0, 11;
    %jmp T_2.32;
T_2.26 ;
    %pushi/vec4 2046, 0, 11;
    %store/vec4 v0x5d688f333e80_0, 0, 11;
    %jmp T_2.32;
T_2.27 ;
    %pushi/vec4 2047, 0, 11;
    %store/vec4 v0x5d688f333e80_0, 0, 11;
    %jmp T_2.32;
T_2.28 ;
    %pushi/vec4 2047, 0, 11;
    %store/vec4 v0x5d688f333e80_0, 0, 11;
    %jmp T_2.32;
T_2.29 ;
    %pushi/vec4 2047, 0, 11;
    %store/vec4 v0x5d688f333e80_0, 0, 11;
    %jmp T_2.32;
T_2.30 ;
    %pushi/vec4 2047, 0, 11;
    %store/vec4 v0x5d688f333e80_0, 0, 11;
    %jmp T_2.32;
T_2.32 ;
    %pop/vec4 1;
    %jmp T_2;
    .thread T_2, $push;
    .scope S_0x5d688f332f00;
T_3 ;
    %wait E_0x5d688f3331b0;
    %load/vec4 v0x5d688f333590_0;
    %pad/s 32;
    %cmpi/s 4294967249, 0, 32;
    %flag_or 5, 4; GT is !LE
    %flag_inv 5;
    %jmp/0xz  T_3.0, 5;
    %pushi/vec4 12, 0, 4;
    %assign/vec4 v0x5d688f3333f0_0, 0;
    %pushi/vec4 1, 0, 4;
    %assign/vec4 v0x5d688f3334b0_0, 0;
    %pushi/vec4 257, 0, 11;
    %assign/vec4 v0x5d688f333210_0, 0;
    %jmp T_3.1;
T_3.0 ;
    %load/vec4 v0x5d688f333590_0;
    %pad/s 32;
    %cmpi/s 4294967154, 0, 32;
    %flag_or 5, 4; GT is !LE
    %flag_inv 5;
    %jmp/0xz  T_3.2, 5;
    %pushi/vec4 2, 0, 4;
    %assign/vec4 v0x5d688f3333f0_0, 0;
    %pushi/vec4 3, 0, 4;
    %assign/vec4 v0x5d688f3334b0_0, 0;
    %pushi/vec4 330, 0, 11;
    %assign/vec4 v0x5d688f333210_0, 0;
    %jmp T_3.3;
T_3.2 ;
    %load/vec4 v0x5d688f333590_0;
    %pad/s 32;
    %cmpi/s 4294967032, 0, 32;
    %flag_or 5, 4; GT is !LE
    %flag_inv 5;
    %jmp/0xz  T_3.4, 5;
    %pushi/vec4 12, 0, 4;
    %assign/vec4 v0x5d688f3333f0_0, 0;
    %pushi/vec4 2, 0, 4;
    %assign/vec4 v0x5d688f3334b0_0, 0;
    %pushi/vec4 421, 0, 11;
    %assign/vec4 v0x5d688f333210_0, 0;
    %jmp T_3.5;
T_3.4 ;
    %load/vec4 v0x5d688f333590_0;
    %pad/s 32;
    %cmpi/s 4294966929, 0, 32;
    %flag_or 5, 4; GT is !LE
    %flag_inv 5;
    %jmp/0xz  T_3.6, 5;
    %pushi/vec4 3, 0, 4;
    %assign/vec4 v0x5d688f3333f0_0, 0;
    %pushi/vec4 5, 0, 4;
    %assign/vec4 v0x5d688f3334b0_0, 0;
    %pushi/vec4 519, 0, 11;
    %assign/vec4 v0x5d688f333210_0, 0;
    %jmp T_3.7;
T_3.6 ;
    %load/vec4 v0x5d688f333590_0;
    %pad/s 32;
    %cmpi/s 4294966759, 0, 32;
    %flag_or 5, 4; GT is !LE
    %flag_inv 5;
    %jmp/0xz  T_3.8, 5;
    %pushi/vec4 4, 0, 4;
    %assign/vec4 v0x5d688f3333f0_0, 0;
    %pushi/vec4 6, 0, 4;
    %assign/vec4 v0x5d688f3334b0_0, 0;
    %pushi/vec4 664, 0, 11;
    %assign/vec4 v0x5d688f333210_0, 0;
    %vpi_call/w 4 48 "$display", "<537" {0 0 0};
    %jmp T_3.9;
T_3.8 ;
    %load/vec4 v0x5d688f333590_0;
    %pad/s 32;
    %cmpi/s 4294966336, 0, 32;
    %flag_or 5, 4; GT is !LE
    %flag_inv 5;
    %jmp/0xz  T_3.10, 5;
    %pushi/vec4 6, 0, 4;
    %assign/vec4 v0x5d688f3333f0_0, 0;
    %pushi/vec4 8, 0, 4;
    %assign/vec4 v0x5d688f3334b0_0, 0;
    %pushi/vec4 1000, 0, 11;
    %assign/vec4 v0x5d688f333210_0, 0;
    %jmp T_3.11;
T_3.10 ;
    %pushi/vec4 12, 0, 4;
    %assign/vec4 v0x5d688f3333f0_0, 0;
    %pushi/vec4 12, 0, 4;
    %assign/vec4 v0x5d688f3334b0_0, 0;
    %pushi/vec4 1024, 0, 11;
    %assign/vec4 v0x5d688f333210_0, 0;
T_3.11 ;
T_3.9 ;
T_3.7 ;
T_3.5 ;
T_3.3 ;
T_3.1 ;
    %jmp T_3;
    .thread T_3, $push;
    .scope S_0x5d688f332f00;
T_4 ;
    %wait E_0x5d688f333120;
    %load/vec4 v0x5d688f333590_0;
    %load/vec4 v0x5d688f333210_0;
    %add;
    %ix/getv 4, v0x5d688f3333f0_0;
    %shiftr/s 4;
    %load/vec4 v0x5d688f333590_0;
    %load/vec4 v0x5d688f333210_0;
    %add;
    %ix/getv 4, v0x5d688f3334b0_0;
    %shiftr/s 4;
    %add;
    %assign/vec4 v0x5d688f333310_0, 0;
    %jmp T_4;
    .thread T_4, $push;
    .scope S_0x5d688f332c20;
T_5 ;
Ewait_3 .event/or E_0x5d688f2e4960, E_0x0;
    %wait Ewait_3;
    %load/vec4 v0x5d688f334490_0;
    %flag_set/vec4 8;
    %jmp/0xz  T_5.0, 8;
    %load/vec4 v0x5d688f334260_0;
    %load/vec4 v0x5d688f3341a0_0;
    %sub;
    %load/vec4 v0x5d688f3343a0_0;
    %parti/s 5, 0, 2;
    %pad/u 11;
    %add;
    %store/vec4 v0x5d688f334560_0, 0, 11;
    %jmp T_5.1;
T_5.0 ;
    %load/vec4 v0x5d688f3343a0_0;
    %inv;
    %pushi/vec4 1, 0, 11;
    %add;
    %store/vec4 v0x5d688f334560_0, 0, 11;
T_5.1 ;
    %jmp T_5;
    .thread T_5, $push;
    .scope S_0x5d688f332c20;
T_6 ;
Ewait_4 .event/or E_0x5d688f2e3d70, E_0x0;
    %wait Ewait_4;
    %load/vec4 v0x5d688f334490_0;
    %flag_set/vec4 8;
    %jmp/0xz  T_6.0, 8;
    %load/vec4 v0x5d688f3343a0_0;
    %parti/s 5, 0, 2;
    %cmpi/e 0, 0, 5;
    %jmp/0xz  T_6.2, 4;
    %load/vec4 v0x5d688f3341a0_0;
    %store/vec4 v0x5d688f3340c0_0, 0, 11;
    %jmp T_6.3;
T_6.2 ;
    %load/vec4 v0x5d688f3343a0_0;
    %parti/s 6, 5, 4;
    %cmpi/e 0, 0, 6;
    %jmp/0xz  T_6.4, 4;
    %load/vec4 v0x5d688f334260_0;
    %store/vec4 v0x5d688f3340c0_0, 0, 11;
    %jmp T_6.5;
T_6.4 ;
    %load/vec4 v0x5d688f3341a0_0;
    %load/vec4 v0x5d688f334300_0;
    %add;
    %load/vec4 v0x5d688f3343a0_0;
    %parti/s 5, 0, 2;
    %pad/u 11;
    %sub;
    %store/vec4 v0x5d688f3340c0_0, 0, 11;
T_6.5 ;
T_6.3 ;
    %jmp T_6.1;
T_6.0 ;
    %load/vec4 v0x5d688f334300_0;
    %store/vec4 v0x5d688f3340c0_0, 0, 11;
T_6.1 ;
    %jmp T_6;
    .thread T_6, $push;
    .scope S_0x5d688f2f2380;
T_7 ;
Ewait_5 .event/or E_0x5d688f2e2700, E_0x0;
    %wait Ewait_5;
    %load/vec4 v0x5d688f334d40_0;
    %load/vec4 v0x5d688f334ef0_0;
    %cmp/e;
    %jmp/0xz  T_7.0, 4;
    %load/vec4 v0x5d688f334fb0_0;
    %flag_set/vec4 8;
    %jmp/0xz  T_7.2, 8;
    %pushi/vec4 1024, 0, 12;
    %store/vec4 v0x5d688f3349f0_0, 0, 12;
    %jmp T_7.3;
T_7.2 ;
    %load/vec4 v0x5d688f334c70_0;
    %parti/s 1, 11, 5;
    %load/vec4 v0x5d688f334c70_0;
    %parti/s 11, 0, 2;
    %addi 128, 0, 11;
    %concat/vec4; draw_concat_vec4
    %store/vec4 v0x5d688f3349f0_0, 0, 12;
T_7.3 ;
    %jmp T_7.1;
T_7.0 ;
    %load/vec4 v0x5d688f334b00_0;
    %load/vec4 v0x5d688f334ba0_0;
    %load/vec4 v0x5d688f334930_0;
    %add;
    %concat/vec4; draw_concat_vec4
    %store/vec4 v0x5d688f3349f0_0, 0, 12;
T_7.1 ;
    %jmp T_7;
    .thread T_7, $push;
    .scope S_0x5d688f335c90;
T_8 ;
Ewait_6 .event/or E_0x5d688f335eb0, E_0x0;
    %wait Ewait_6;
    %load/vec4 v0x5d688f336030_0;
    %dup/vec4;
    %pushi/vec4 0, 0, 5;
    %cmp/u;
    %jmp/1 T_8.0, 6;
    %dup/vec4;
    %pushi/vec4 1, 0, 5;
    %cmp/u;
    %jmp/1 T_8.1, 6;
    %dup/vec4;
    %pushi/vec4 2, 0, 5;
    %cmp/u;
    %jmp/1 T_8.2, 6;
    %dup/vec4;
    %pushi/vec4 3, 0, 5;
    %cmp/u;
    %jmp/1 T_8.3, 6;
    %dup/vec4;
    %pushi/vec4 4, 0, 5;
    %cmp/u;
    %jmp/1 T_8.4, 6;
    %dup/vec4;
    %pushi/vec4 5, 0, 5;
    %cmp/u;
    %jmp/1 T_8.5, 6;
    %dup/vec4;
    %pushi/vec4 6, 0, 5;
    %cmp/u;
    %jmp/1 T_8.6, 6;
    %dup/vec4;
    %pushi/vec4 7, 0, 5;
    %cmp/u;
    %jmp/1 T_8.7, 6;
    %dup/vec4;
    %pushi/vec4 8, 0, 5;
    %cmp/u;
    %jmp/1 T_8.8, 6;
    %dup/vec4;
    %pushi/vec4 9, 0, 5;
    %cmp/u;
    %jmp/1 T_8.9, 6;
    %dup/vec4;
    %pushi/vec4 10, 0, 5;
    %cmp/u;
    %jmp/1 T_8.10, 6;
    %dup/vec4;
    %pushi/vec4 11, 0, 5;
    %cmp/u;
    %jmp/1 T_8.11, 6;
    %dup/vec4;
    %pushi/vec4 12, 0, 5;
    %cmp/u;
    %jmp/1 T_8.12, 6;
    %dup/vec4;
    %pushi/vec4 13, 0, 5;
    %cmp/u;
    %jmp/1 T_8.13, 6;
    %dup/vec4;
    %pushi/vec4 14, 0, 5;
    %cmp/u;
    %jmp/1 T_8.14, 6;
    %dup/vec4;
    %pushi/vec4 15, 0, 5;
    %cmp/u;
    %jmp/1 T_8.15, 6;
    %dup/vec4;
    %pushi/vec4 16, 0, 5;
    %cmp/u;
    %jmp/1 T_8.16, 6;
    %dup/vec4;
    %pushi/vec4 17, 0, 5;
    %cmp/u;
    %jmp/1 T_8.17, 6;
    %dup/vec4;
    %pushi/vec4 18, 0, 5;
    %cmp/u;
    %jmp/1 T_8.18, 6;
    %dup/vec4;
    %pushi/vec4 19, 0, 5;
    %cmp/u;
    %jmp/1 T_8.19, 6;
    %dup/vec4;
    %pushi/vec4 20, 0, 5;
    %cmp/u;
    %jmp/1 T_8.20, 6;
    %dup/vec4;
    %pushi/vec4 21, 0, 5;
    %cmp/u;
    %jmp/1 T_8.21, 6;
    %dup/vec4;
    %pushi/vec4 22, 0, 5;
    %cmp/u;
    %jmp/1 T_8.22, 6;
    %dup/vec4;
    %pushi/vec4 23, 0, 5;
    %cmp/u;
    %jmp/1 T_8.23, 6;
    %dup/vec4;
    %pushi/vec4 24, 0, 5;
    %cmp/u;
    %jmp/1 T_8.24, 6;
    %dup/vec4;
    %pushi/vec4 25, 0, 5;
    %cmp/u;
    %jmp/1 T_8.25, 6;
    %dup/vec4;
    %pushi/vec4 26, 0, 5;
    %cmp/u;
    %jmp/1 T_8.26, 6;
    %dup/vec4;
    %pushi/vec4 27, 0, 5;
    %cmp/u;
    %jmp/1 T_8.27, 6;
    %dup/vec4;
    %pushi/vec4 28, 0, 5;
    %cmp/u;
    %jmp/1 T_8.28, 6;
    %dup/vec4;
    %pushi/vec4 29, 0, 5;
    %cmp/u;
    %jmp/1 T_8.29, 6;
    %dup/vec4;
    %pushi/vec4 30, 0, 5;
    %cmp/u;
    %jmp/1 T_8.30, 6;
    %dup/vec4;
    %pushi/vec4 31, 0, 5;
    %cmp/u;
    %jmp/1 T_8.31, 6;
    %jmp T_8.32;
T_8.0 ;
    %pushi/vec4 1024, 0, 11;
    %store/vec4 v0x5d688f335f30_0, 0, 11;
    %jmp T_8.32;
T_8.1 ;
    %pushi/vec4 1084, 0, 11;
    %store/vec4 v0x5d688f335f30_0, 0, 11;
    %jmp T_8.32;
T_8.2 ;
    %pushi/vec4 1211, 0, 11;
    %store/vec4 v0x5d688f335f30_0, 0, 11;
    %jmp T_8.32;
T_8.3 ;
    %pushi/vec4 1286, 0, 11;
    %store/vec4 v0x5d688f335f30_0, 0, 11;
    %jmp T_8.32;
T_8.4 ;
    %pushi/vec4 1338, 0, 11;
    %store/vec4 v0x5d688f335f30_0, 0, 11;
    %jmp T_8.32;
T_8.5 ;
    %pushi/vec4 1379, 0, 11;
    %store/vec4 v0x5d688f335f30_0, 0, 11;
    %jmp T_8.32;
T_8.6 ;
    %pushi/vec4 1412, 0, 11;
    %store/vec4 v0x5d688f335f30_0, 0, 11;
    %jmp T_8.32;
T_8.7 ;
    %pushi/vec4 1440, 0, 11;
    %store/vec4 v0x5d688f335f30_0, 0, 11;
    %jmp T_8.32;
T_8.8 ;
    %pushi/vec4 1464, 0, 11;
    %store/vec4 v0x5d688f335f30_0, 0, 11;
    %jmp T_8.32;
T_8.9 ;
    %pushi/vec4 1486, 0, 11;
    %store/vec4 v0x5d688f335f30_0, 0, 11;
    %jmp T_8.32;
T_8.10 ;
    %pushi/vec4 1505, 0, 11;
    %store/vec4 v0x5d688f335f30_0, 0, 11;
    %jmp T_8.32;
T_8.11 ;
    %pushi/vec4 1522, 0, 11;
    %store/vec4 v0x5d688f335f30_0, 0, 11;
    %jmp T_8.32;
T_8.12 ;
    %pushi/vec4 1537, 0, 11;
    %store/vec4 v0x5d688f335f30_0, 0, 11;
    %jmp T_8.32;
T_8.13 ;
    %pushi/vec4 1552, 0, 11;
    %store/vec4 v0x5d688f335f30_0, 0, 11;
    %jmp T_8.32;
T_8.14 ;
    %pushi/vec4 1565, 0, 11;
    %store/vec4 v0x5d688f335f30_0, 0, 11;
    %jmp T_8.32;
T_8.15 ;
    %pushi/vec4 1577, 0, 11;
    %store/vec4 v0x5d688f335f30_0, 0, 11;
    %jmp T_8.32;
T_8.16 ;
    %pushi/vec4 1588, 0, 11;
    %store/vec4 v0x5d688f335f30_0, 0, 11;
    %jmp T_8.32;
T_8.17 ;
    %pushi/vec4 1599, 0, 11;
    %store/vec4 v0x5d688f335f30_0, 0, 11;
    %jmp T_8.32;
T_8.18 ;
    %pushi/vec4 1609, 0, 11;
    %store/vec4 v0x5d688f335f30_0, 0, 11;
    %jmp T_8.32;
T_8.19 ;
    %pushi/vec4 1619, 0, 11;
    %store/vec4 v0x5d688f335f30_0, 0, 11;
    %jmp T_8.32;
T_8.20 ;
    %pushi/vec4 1628, 0, 11;
    %store/vec4 v0x5d688f335f30_0, 0, 11;
    %jmp T_8.32;
T_8.21 ;
    %pushi/vec4 1636, 0, 11;
    %store/vec4 v0x5d688f335f30_0, 0, 11;
    %jmp T_8.32;
T_8.22 ;
    %pushi/vec4 1644, 0, 11;
    %store/vec4 v0x5d688f335f30_0, 0, 11;
    %jmp T_8.32;
T_8.23 ;
    %pushi/vec4 1652, 0, 11;
    %store/vec4 v0x5d688f335f30_0, 0, 11;
    %jmp T_8.32;
T_8.24 ;
    %pushi/vec4 1659, 0, 11;
    %store/vec4 v0x5d688f335f30_0, 0, 11;
    %jmp T_8.32;
T_8.25 ;
    %pushi/vec4 1666, 0, 11;
    %store/vec4 v0x5d688f335f30_0, 0, 11;
    %jmp T_8.32;
T_8.26 ;
    %pushi/vec4 1673, 0, 11;
    %store/vec4 v0x5d688f335f30_0, 0, 11;
    %jmp T_8.32;
T_8.27 ;
    %pushi/vec4 1680, 0, 11;
    %store/vec4 v0x5d688f335f30_0, 0, 11;
    %jmp T_8.32;
T_8.28 ;
    %pushi/vec4 1686, 0, 11;
    %store/vec4 v0x5d688f335f30_0, 0, 11;
    %jmp T_8.32;
T_8.29 ;
    %pushi/vec4 1692, 0, 11;
    %store/vec4 v0x5d688f335f30_0, 0, 11;
    %jmp T_8.32;
T_8.30 ;
    %pushi/vec4 1698, 0, 11;
    %store/vec4 v0x5d688f335f30_0, 0, 11;
    %jmp T_8.32;
T_8.31 ;
    %pushi/vec4 1703, 0, 11;
    %store/vec4 v0x5d688f335f30_0, 0, 11;
    %jmp T_8.32;
T_8.32 ;
    %pop/vec4 1;
    %jmp T_8;
    .thread T_8, $push;
    .scope S_0x5d688f336170;
T_9 ;
Ewait_7 .event/or E_0x5d688f336390, E_0x0;
    %wait Ewait_7;
    %load/vec4 v0x5d688f3364f0_0;
    %dup/vec4;
    %pushi/vec4 1, 0, 6;
    %cmp/u;
    %jmp/1 T_9.0, 6;
    %dup/vec4;
    %pushi/vec4 2, 0, 6;
    %cmp/u;
    %jmp/1 T_9.1, 6;
    %dup/vec4;
    %pushi/vec4 3, 0, 6;
    %cmp/u;
    %jmp/1 T_9.2, 6;
    %dup/vec4;
    %pushi/vec4 4, 0, 6;
    %cmp/u;
    %jmp/1 T_9.3, 6;
    %dup/vec4;
    %pushi/vec4 5, 0, 6;
    %cmp/u;
    %jmp/1 T_9.4, 6;
    %dup/vec4;
    %pushi/vec4 6, 0, 6;
    %cmp/u;
    %jmp/1 T_9.5, 6;
    %dup/vec4;
    %pushi/vec4 7, 0, 6;
    %cmp/u;
    %jmp/1 T_9.6, 6;
    %dup/vec4;
    %pushi/vec4 8, 0, 6;
    %cmp/u;
    %jmp/1 T_9.7, 6;
    %dup/vec4;
    %pushi/vec4 9, 0, 6;
    %cmp/u;
    %jmp/1 T_9.8, 6;
    %dup/vec4;
    %pushi/vec4 10, 0, 6;
    %cmp/u;
    %jmp/1 T_9.9, 6;
    %dup/vec4;
    %pushi/vec4 11, 0, 6;
    %cmp/u;
    %jmp/1 T_9.10, 6;
    %dup/vec4;
    %pushi/vec4 12, 0, 6;
    %cmp/u;
    %jmp/1 T_9.11, 6;
    %dup/vec4;
    %pushi/vec4 13, 0, 6;
    %cmp/u;
    %jmp/1 T_9.12, 6;
    %dup/vec4;
    %pushi/vec4 14, 0, 6;
    %cmp/u;
    %jmp/1 T_9.13, 6;
    %dup/vec4;
    %pushi/vec4 15, 0, 6;
    %cmp/u;
    %jmp/1 T_9.14, 6;
    %dup/vec4;
    %pushi/vec4 16, 0, 6;
    %cmp/u;
    %jmp/1 T_9.15, 6;
    %dup/vec4;
    %pushi/vec4 17, 0, 6;
    %cmp/u;
    %jmp/1 T_9.16, 6;
    %dup/vec4;
    %pushi/vec4 18, 0, 6;
    %cmp/u;
    %jmp/1 T_9.17, 6;
    %dup/vec4;
    %pushi/vec4 19, 0, 6;
    %cmp/u;
    %jmp/1 T_9.18, 6;
    %dup/vec4;
    %pushi/vec4 20, 0, 6;
    %cmp/u;
    %jmp/1 T_9.19, 6;
    %dup/vec4;
    %pushi/vec4 21, 0, 6;
    %cmp/u;
    %jmp/1 T_9.20, 6;
    %dup/vec4;
    %pushi/vec4 22, 0, 6;
    %cmp/u;
    %jmp/1 T_9.21, 6;
    %dup/vec4;
    %pushi/vec4 23, 0, 6;
    %cmp/u;
    %jmp/1 T_9.22, 6;
    %dup/vec4;
    %pushi/vec4 24, 0, 6;
    %cmp/u;
    %jmp/1 T_9.23, 6;
    %dup/vec4;
    %pushi/vec4 25, 0, 6;
    %cmp/u;
    %jmp/1 T_9.24, 6;
    %dup/vec4;
    %pushi/vec4 26, 0, 6;
    %cmp/u;
    %jmp/1 T_9.25, 6;
    %dup/vec4;
    %pushi/vec4 27, 0, 6;
    %cmp/u;
    %jmp/1 T_9.26, 6;
    %dup/vec4;
    %pushi/vec4 28, 0, 6;
    %cmp/u;
    %jmp/1 T_9.27, 6;
    %dup/vec4;
    %pushi/vec4 29, 0, 6;
    %cmp/u;
    %jmp/1 T_9.28, 6;
    %dup/vec4;
    %pushi/vec4 30, 0, 6;
    %cmp/u;
    %jmp/1 T_9.29, 6;
    %dup/vec4;
    %pushi/vec4 31, 0, 6;
    %cmp/u;
    %jmp/1 T_9.30, 6;
    %pushi/vec4 0, 0, 11;
    %store/vec4 v0x5d688f3363f0_0, 0, 11;
    %jmp T_9.32;
T_9.0 ;
    %pushi/vec4 1709, 0, 11;
    %store/vec4 v0x5d688f3363f0_0, 0, 11;
    %jmp T_9.32;
T_9.1 ;
    %pushi/vec4 1821, 0, 11;
    %store/vec4 v0x5d688f3363f0_0, 0, 11;
    %jmp T_9.32;
T_9.2 ;
    %pushi/vec4 1881, 0, 11;
    %store/vec4 v0x5d688f3363f0_0, 0, 11;
    %jmp T_9.32;
T_9.3 ;
    %pushi/vec4 1920, 0, 11;
    %store/vec4 v0x5d688f3363f0_0, 0, 11;
    %jmp T_9.32;
T_9.4 ;
    %pushi/vec4 1947, 0, 11;
    %store/vec4 v0x5d688f3363f0_0, 0, 11;
    %jmp T_9.32;
T_9.5 ;
    %pushi/vec4 1967, 0, 11;
    %store/vec4 v0x5d688f3363f0_0, 0, 11;
    %jmp T_9.32;
T_9.6 ;
    %pushi/vec4 1983, 0, 11;
    %store/vec4 v0x5d688f3363f0_0, 0, 11;
    %jmp T_9.32;
T_9.7 ;
    %pushi/vec4 1995, 0, 11;
    %store/vec4 v0x5d688f3363f0_0, 0, 11;
    %jmp T_9.32;
T_9.8 ;
    %pushi/vec4 2004, 0, 11;
    %store/vec4 v0x5d688f3363f0_0, 0, 11;
    %jmp T_9.32;
T_9.9 ;
    %pushi/vec4 2012, 0, 11;
    %store/vec4 v0x5d688f3363f0_0, 0, 11;
    %jmp T_9.32;
T_9.10 ;
    %pushi/vec4 2018, 0, 11;
    %store/vec4 v0x5d688f3363f0_0, 0, 11;
    %jmp T_9.32;
T_9.11 ;
    %pushi/vec4 2023, 0, 11;
    %store/vec4 v0x5d688f3363f0_0, 0, 11;
    %jmp T_9.32;
T_9.12 ;
    %pushi/vec4 2027, 0, 11;
    %store/vec4 v0x5d688f3363f0_0, 0, 11;
    %jmp T_9.32;
T_9.13 ;
    %pushi/vec4 2031, 0, 11;
    %store/vec4 v0x5d688f3363f0_0, 0, 11;
    %jmp T_9.32;
T_9.14 ;
    %pushi/vec4 2034, 0, 11;
    %store/vec4 v0x5d688f3363f0_0, 0, 11;
    %jmp T_9.32;
T_9.15 ;
    %pushi/vec4 2036, 0, 11;
    %store/vec4 v0x5d688f3363f0_0, 0, 11;
    %jmp T_9.32;
T_9.16 ;
    %pushi/vec4 2038, 0, 11;
    %store/vec4 v0x5d688f3363f0_0, 0, 11;
    %jmp T_9.32;
T_9.17 ;
    %pushi/vec4 2040, 0, 11;
    %store/vec4 v0x5d688f3363f0_0, 0, 11;
    %jmp T_9.32;
T_9.18 ;
    %pushi/vec4 2041, 0, 11;
    %store/vec4 v0x5d688f3363f0_0, 0, 11;
    %jmp T_9.32;
T_9.19 ;
    %pushi/vec4 2042, 0, 11;
    %store/vec4 v0x5d688f3363f0_0, 0, 11;
    %jmp T_9.32;
T_9.20 ;
    %pushi/vec4 2043, 0, 11;
    %store/vec4 v0x5d688f3363f0_0, 0, 11;
    %jmp T_9.32;
T_9.21 ;
    %pushi/vec4 2044, 0, 11;
    %store/vec4 v0x5d688f3363f0_0, 0, 11;
    %jmp T_9.32;
T_9.22 ;
    %pushi/vec4 2045, 0, 11;
    %store/vec4 v0x5d688f3363f0_0, 0, 11;
    %jmp T_9.32;
T_9.23 ;
    %pushi/vec4 2045, 0, 11;
    %store/vec4 v0x5d688f3363f0_0, 0, 11;
    %jmp T_9.32;
T_9.24 ;
    %pushi/vec4 2046, 0, 11;
    %store/vec4 v0x5d688f3363f0_0, 0, 11;
    %jmp T_9.32;
T_9.25 ;
    %pushi/vec4 2046, 0, 11;
    %store/vec4 v0x5d688f3363f0_0, 0, 11;
    %jmp T_9.32;
T_9.26 ;
    %pushi/vec4 2046, 0, 11;
    %store/vec4 v0x5d688f3363f0_0, 0, 11;
    %jmp T_9.32;
T_9.27 ;
    %pushi/vec4 2047, 0, 11;
    %store/vec4 v0x5d688f3363f0_0, 0, 11;
    %jmp T_9.32;
T_9.28 ;
    %pushi/vec4 2047, 0, 11;
    %store/vec4 v0x5d688f3363f0_0, 0, 11;
    %jmp T_9.32;
T_9.29 ;
    %pushi/vec4 2047, 0, 11;
    %store/vec4 v0x5d688f3363f0_0, 0, 11;
    %jmp T_9.32;
T_9.30 ;
    %pushi/vec4 2047, 0, 11;
    %store/vec4 v0x5d688f3363f0_0, 0, 11;
    %jmp T_9.32;
T_9.32 ;
    %pop/vec4 1;
    %jmp T_9;
    .thread T_9, $push;
    .scope S_0x5d688f335430;
T_10 ;
    %wait E_0x5d688f335720;
    %load/vec4 v0x5d688f335b00_0;
    %pad/s 32;
    %cmpi/s 4294967249, 0, 32;
    %flag_or 5, 4; GT is !LE
    %flag_inv 5;
    %jmp/0xz  T_10.0, 5;
    %pushi/vec4 12, 0, 4;
    %assign/vec4 v0x5d688f335960_0, 0;
    %pushi/vec4 1, 0, 4;
    %assign/vec4 v0x5d688f335a20_0, 0;
    %pushi/vec4 257, 0, 11;
    %assign/vec4 v0x5d688f335780_0, 0;
    %jmp T_10.1;
T_10.0 ;
    %load/vec4 v0x5d688f335b00_0;
    %pad/s 32;
    %cmpi/s 4294967154, 0, 32;
    %flag_or 5, 4; GT is !LE
    %flag_inv 5;
    %jmp/0xz  T_10.2, 5;
    %pushi/vec4 2, 0, 4;
    %assign/vec4 v0x5d688f335960_0, 0;
    %pushi/vec4 3, 0, 4;
    %assign/vec4 v0x5d688f335a20_0, 0;
    %pushi/vec4 330, 0, 11;
    %assign/vec4 v0x5d688f335780_0, 0;
    %jmp T_10.3;
T_10.2 ;
    %load/vec4 v0x5d688f335b00_0;
    %pad/s 32;
    %cmpi/s 4294967032, 0, 32;
    %flag_or 5, 4; GT is !LE
    %flag_inv 5;
    %jmp/0xz  T_10.4, 5;
    %pushi/vec4 12, 0, 4;
    %assign/vec4 v0x5d688f335960_0, 0;
    %pushi/vec4 2, 0, 4;
    %assign/vec4 v0x5d688f335a20_0, 0;
    %pushi/vec4 421, 0, 11;
    %assign/vec4 v0x5d688f335780_0, 0;
    %jmp T_10.5;
T_10.4 ;
    %load/vec4 v0x5d688f335b00_0;
    %pad/s 32;
    %cmpi/s 4294966929, 0, 32;
    %flag_or 5, 4; GT is !LE
    %flag_inv 5;
    %jmp/0xz  T_10.6, 5;
    %pushi/vec4 3, 0, 4;
    %assign/vec4 v0x5d688f335960_0, 0;
    %pushi/vec4 5, 0, 4;
    %assign/vec4 v0x5d688f335a20_0, 0;
    %pushi/vec4 519, 0, 11;
    %assign/vec4 v0x5d688f335780_0, 0;
    %jmp T_10.7;
T_10.6 ;
    %load/vec4 v0x5d688f335b00_0;
    %pad/s 32;
    %cmpi/s 4294966759, 0, 32;
    %flag_or 5, 4; GT is !LE
    %flag_inv 5;
    %jmp/0xz  T_10.8, 5;
    %pushi/vec4 4, 0, 4;
    %assign/vec4 v0x5d688f335960_0, 0;
    %pushi/vec4 6, 0, 4;
    %assign/vec4 v0x5d688f335a20_0, 0;
    %pushi/vec4 664, 0, 11;
    %assign/vec4 v0x5d688f335780_0, 0;
    %vpi_call/w 4 48 "$display", "<537" {0 0 0};
    %jmp T_10.9;
T_10.8 ;
    %load/vec4 v0x5d688f335b00_0;
    %pad/s 32;
    %cmpi/s 4294966336, 0, 32;
    %flag_or 5, 4; GT is !LE
    %flag_inv 5;
    %jmp/0xz  T_10.10, 5;
    %pushi/vec4 6, 0, 4;
    %assign/vec4 v0x5d688f335960_0, 0;
    %pushi/vec4 8, 0, 4;
    %assign/vec4 v0x5d688f335a20_0, 0;
    %pushi/vec4 1000, 0, 11;
    %assign/vec4 v0x5d688f335780_0, 0;
    %jmp T_10.11;
T_10.10 ;
    %pushi/vec4 12, 0, 4;
    %assign/vec4 v0x5d688f335960_0, 0;
    %pushi/vec4 12, 0, 4;
    %assign/vec4 v0x5d688f335a20_0, 0;
    %pushi/vec4 1024, 0, 11;
    %assign/vec4 v0x5d688f335780_0, 0;
T_10.11 ;
T_10.9 ;
T_10.7 ;
T_10.5 ;
T_10.3 ;
T_10.1 ;
    %jmp T_10;
    .thread T_10, $push;
    .scope S_0x5d688f335430;
T_11 ;
    %wait E_0x5d688f335690;
    %load/vec4 v0x5d688f335b00_0;
    %load/vec4 v0x5d688f335780_0;
    %add;
    %ix/getv 4, v0x5d688f335960_0;
    %shiftr/s 4;
    %load/vec4 v0x5d688f335b00_0;
    %load/vec4 v0x5d688f335780_0;
    %add;
    %ix/getv 4, v0x5d688f335a20_0;
    %shiftr/s 4;
    %add;
    %assign/vec4 v0x5d688f335880_0, 0;
    %jmp T_11;
    .thread T_11, $push;
    .scope S_0x5d688f3350d0;
T_12 ;
Ewait_8 .event/or E_0x5d688f3353c0, E_0x0;
    %wait Ewait_8;
    %load/vec4 v0x5d688f336ac0_0;
    %flag_set/vec4 8;
    %jmp/0xz  T_12.0, 8;
    %load/vec4 v0x5d688f336800_0;
    %load/vec4 v0x5d688f336710_0;
    %sub;
    %load/vec4 v0x5d688f3369d0_0;
    %parti/s 5, 0, 2;
    %pad/u 11;
    %add;
    %store/vec4 v0x5d688f336b80_0, 0, 11;
    %jmp T_12.1;
T_12.0 ;
    %load/vec4 v0x5d688f3369d0_0;
    %inv;
    %pushi/vec4 1, 0, 11;
    %add;
    %store/vec4 v0x5d688f336b80_0, 0, 11;
T_12.1 ;
    %jmp T_12;
    .thread T_12, $push;
    .scope S_0x5d688f3350d0;
T_13 ;
Ewait_9 .event/or E_0x5d688f335320, E_0x0;
    %wait Ewait_9;
    %load/vec4 v0x5d688f336ac0_0;
    %flag_set/vec4 8;
    %jmp/0xz  T_13.0, 8;
    %load/vec4 v0x5d688f3369d0_0;
    %parti/s 5, 0, 2;
    %cmpi/e 0, 0, 5;
    %jmp/0xz  T_13.2, 4;
    %load/vec4 v0x5d688f336710_0;
    %store/vec4 v0x5d688f336630_0, 0, 11;
    %jmp T_13.3;
T_13.2 ;
    %load/vec4 v0x5d688f3369d0_0;
    %parti/s 6, 5, 4;
    %cmpi/e 0, 0, 6;
    %jmp/0xz  T_13.4, 4;
    %load/vec4 v0x5d688f336800_0;
    %store/vec4 v0x5d688f336630_0, 0, 11;
    %jmp T_13.5;
T_13.4 ;
    %load/vec4 v0x5d688f336710_0;
    %load/vec4 v0x5d688f336900_0;
    %add;
    %load/vec4 v0x5d688f3369d0_0;
    %parti/s 5, 0, 2;
    %pad/u 11;
    %sub;
    %store/vec4 v0x5d688f336630_0, 0, 11;
T_13.5 ;
T_13.3 ;
    %jmp T_13.1;
T_13.0 ;
    %load/vec4 v0x5d688f336900_0;
    %store/vec4 v0x5d688f336630_0, 0, 11;
T_13.1 ;
    %jmp T_13;
    .thread T_13, $push;
    .scope S_0x5d688f2f91f0;
T_14 ;
    %pushi/real 1073741824, 4059; load=0.00781250
    %store/real v0x5d688f336ca0_0;
    %end;
    .thread T_14, $init;
    .scope S_0x5d688f2f91f0;
T_15 ;
    %pushi/vec4 1, 0, 1;
    %store/vec4 v0x5d688f336ff0_0, 0, 1;
    %pushi/vec4 0, 0, 1;
    %store/vec4 v0x5d688f336ff0_0, 0, 1;
    %pushi/vec4 0, 0, 11;
    %store/vec4 v0x5d688f336f20_0, 0, 11;
T_15.0 ;
    %load/vec4 v0x5d688f336f20_0;
    %pad/s 32;
    %cmpi/s 1023, 0, 32;
    %jmp/0xz T_15.1, 5;
    %delay 10, 0;
    %pushi/vec4 1, 0, 32;
    %cvt/rv/s;
    %pushi/real 1073741824, 4067; load=2.00000
    %load/vec4 v0x5d688f336f20_0;
    %inv;
    %pushi/vec4 1, 0, 11;
    %add;
    %cvt/rv/s;
    %load/real v0x5d688f336ca0_0;
    %mul/wr;
    %vpi_func/r 6 25 "$pow", W<1,r>, W<0,r> {0 2 0};
    %add/wr;
    %vpi_func/r 6 25 "$ln", W<0,r> {0 1 0};
    %pushi/vec4 128, 0, 32;
    %cvt/rv/s;
    %mul/wr;
    %pushi/real 1488522235, 4065; load=0.693147
    %pushi/real 3815919, 4043; load=0.693147
    %add/wr;
    %div/wr;
    %store/real v0x5d688f336d60_0;
    %load/vec4 v0x5d688f336e20_0;
    %pad/s 32;
    %load/real v0x5d688f336d60_0;
    %cvt/vr 32;
    %sub;
    %vpi_call/w 6 26 "$display", "z: %d, out: %d, exact: %f, error %d", v0x5d688f336f20_0, v0x5d688f336e20_0, v0x5d688f336d60_0, S<0,vec4,s32> {1 0 0};
    ; show_stmt_assign_vector: Get l-value for compressed += operand
    %load/vec4 v0x5d688f336f20_0;
    %pushi/vec4 1, 0, 11;
    %add;
    %store/vec4 v0x5d688f336f20_0, 0, 11;
    %jmp T_15.0;
T_15.1 ;
    %end;
    .thread T_15;
# The file index is used to find the file name in the following table.
:file_names 7;
    "N/A";
    "<interactive>";
    "-";
    "add_sub.sv";
    "S_B.sv";
    "lut.sv";
    "sbdbtb.sv";
